Starting MongoDB backup at 2023-10-31
Creating MongoDB dump...
Zipping MongoDB dump...
Transferring MongoDB dump...
Cleaning up...
MongoDB backup and transfer completed at 2023-10-31 01:30:28
Starting MongoDB backup at 2023-10-31
Creating MongoDB dump...
Zipping MongoDB dump...
Transferring MongoDB dump...
Cleaning up...
MongoDB backup and transfer completed at 2023-10-31 01:32:08
Starting MongoDB backup at 2023-11-01
Creating MongoDB dump...
Zipping MongoDB dump...
Transferring MongoDB dump...
Cleaning up...
MongoDB backup and transfer completed at 2023-11-01 00:00:03
Starting MongoDB backup at 2023-12-01
Creating MongoDB dump...
Zipping MongoDB dump...
Transferring MongoDB dump...
Cleaning up...
MongoDB backup and transfer completed at 2023-12-01 00:00:03
